# JRE version: OpenJDK Runtime Environment (8.0_112-b06) (build 1.8.0_112-release-b06)
# Java VM: OpenJDK 64-Bit Server VM (25.112-b06 mixed mode bsd-amd64 compressed oops)
Heap:
 PSYoungGen      total 227328K, used 51189K [0x00000007a0000000, 0x00000007b7680000, 0x00000007c0000000)
  eden space 176128K, 0% used [0x00000007a0000000,0x00000007a0000000,0x00000007aac00000)
  from space 51200K, 99% used [0x00000007afa00000,0x00000007b2bfd768,0x00000007b2c00000)
  to   space 79872K, 0% used [0x00000007aac00000,0x00000007aac00000,0x00000007afa00000)
 ParOldGen       total 172544K, used 138083K [0x0000000760000000, 0x000000076a880000, 0x00000007a0000000)
  object space 172544K, 80% used [0x0000000760000000,0x00000007686d8c00,0x000000076a880000)
 Metaspace       used 70072K, capacity 72182K, committed 72576K, reserved 1112064K
  class space    used 9052K, capacity 9506K, committed 9600K, reserved 1048576K
GC Heap History (10 events):
Event: 16.482 GC heap after
Heap after GC invocations=13 (full 2):
 PSYoungGen      total 168448K, used 21486K [0x00000007a0000000, 0x00000007ae800000, 0x00000007c0000000)
  eden space 146944K, 0% used [0x00000007a0000000,0x00000007a0000000,0x00000007a8f80000)
  from space 21504K, 99% used [0x00000007a8f80000,0x00000007aa47ba18,0x00000007aa480000)
  to   space 27648K, 0% used [0x00000007acd00000,0x00000007acd00000,0x00000007ae800000)
 ParOldGen       total 105472K, used 42146K [0x0000000760000000, 0x0000000766700000, 0x00000007a0000000)
  object space 105472K, 39% used [0x0000000760000000,0x0000000762928a48,0x0000000766700000)
 Metaspace       used 57310K, capacity 58956K, committed 59160K, reserved 1099776K
  class space    used 7628K, capacity 7971K, committed 8064K, reserved 1048576K
}
Event: 16.482 GC heap before
{Heap before GC invocations=14 (full 3):
 PSYoungGen      total 168448K, used 21486K [0x00000007a0000000, 0x00000007ae800000, 0x00000007c0000000)
  eden space 146944K, 0% used [0x00000007a0000000,0x00000007a0000000,0x00000007a8f80000)
  from space 21504K, 99% used [0x00000007a8f80000,0x00000007aa47ba18,0x00000007aa480000)
  to   space 27648K, 0% used [0x00000007acd00000,0x00000007acd00000,0x00000007ae800000)
 ParOldGen       total 105472K, used 42146K [0x0000000760000000, 0x0000000766700000, 0x00000007a0000000)
  object space 105472K, 39% used [0x0000000760000000,0x0000000762928a48,0x0000000766700000)
 Metaspace       used 57310K, capacity 58956K, committed 59160K, reserved 1099776K
  class space    used 7628K, capacity 7971K, committed 8064K, reserved 1048576K
Event: 16.797 GC heap after
Heap after GC invocations=14 (full 3):
 PSYoungGen      total 168448K, used 0K [0x00000007a0000000, 0x00000007ae800000, 0x00000007c0000000)
  eden space 146944K, 0% used [0x00000007a0000000,0x00000007a0000000,0x00000007a8f80000)
  from space 21504K, 0% used [0x00000007a8f80000,0x00000007a8f80000,0x00000007aa480000)
  to   space 27648K, 0% used [0x00000007acd00000,0x00000007acd00000,0x00000007ae800000)
 ParOldGen       total 172544K, used 45752K [0x0000000760000000, 0x000000076a880000, 0x00000007a0000000)
  object space 172544K, 26% used [0x0000000760000000,0x0000000762cae3a8,0x000000076a880000)
 Metaspace       used 57308K, capacity 58950K, committed 59160K, reserved 1099776K
  class space    used 7627K, capacity 7970K, committed 8064K, reserved 1048576K
}
Event: 19.353 GC heap before
{Heap before GC invocations=15 (full 3):
 PSYoungGen      total 168448K, used 146944K [0x00000007a0000000, 0x00000007ae800000, 0x00000007c0000000)
  eden space 146944K, 100% used [0x00000007a0000000,0x00000007a8f80000,0x00000007a8f80000)
  from space 21504K, 0% used [0x00000007a8f80000,0x00000007a8f80000,0x00000007aa480000)
  to   space 27648K, 0% used [0x00000007acd00000,0x00000007acd00000,0x00000007ae800000)
 ParOldGen       total 172544K, used 45752K [0x0000000760000000, 0x000000076a880000, 0x00000007a0000000)
  object space 172544K, 26% used [0x0000000760000000,0x0000000762cae3a8,0x000000076a880000)
 Metaspace       used 62519K, capacity 64320K, committed 64512K, reserved 1105920K
  class space    used 8263K, capacity 8675K, committed 8704K, reserved 1048576K
Event: 19.508 GC heap after
Heap after GC invocations=15 (full 3):
 PSYoungGen      total 192000K, used 27624K [0x00000007a0000000, 0x00000007b1200000, 0x00000007c0000000)
  eden space 164352K, 0% used [0x00000007a0000000,0x00000007a0000000,0x00000007aa080000)
  from space 27648K, 99% used [0x00000007acd00000,0x00000007ae7fa148,0x00000007ae800000)
  to   space 45568K, 0% used [0x00000007aa080000,0x00000007aa080000,0x00000007acd00000)
 ParOldGen       total 172544K, used 83380K [0x0000000760000000, 0x000000076a880000, 0x00000007a0000000)
  object space 172544K, 48% used [0x0000000760000000,0x000000076516d0d8,0x000000076a880000)
 Metaspace       used 62519K, capacity 64320K, committed 64512K, reserved 1105920K
  class space    used 8263K, capacity 8675K, committed 8704K, reserved 1048576K
}
Event: 170.844 GC heap before
{Heap before GC invocations=16 (full 3):
 PSYoungGen      total 192000K, used 191976K [0x00000007a0000000, 0x00000007b1200000, 0x00000007c0000000)
  eden space 164352K, 100% used [0x00000007a0000000,0x00000007aa080000,0x00000007aa080000)
  from space 27648K, 99% used [0x00000007acd00000,0x00000007ae7fa148,0x00000007ae800000)
  to   space 45568K, 0% used [0x00000007aa080000,0x00000007aa080000,0x00000007acd00000)
 ParOldGen       total 172544K, used 83380K [0x0000000760000000, 0x000000076a880000, 0x00000007a0000000)
  object space 172544K, 48% used [0x0000000760000000,0x000000076516d0d8,0x000000076a880000)
 Metaspace       used 66697K, capacity 68644K, committed 68736K, reserved 1110016K
  class space    used 8634K, capacity 9053K, committed 9088K, reserved 1048576K
Event: 170.904 GC heap after
Heap after GC invocations=16 (full 3):
 PSYoungGen      total 209920K, used 39804K [0x00000007a0000000, 0x00000007b2c00000, 0x00000007c0000000)
  eden space 164352K, 0% used [0x00000007a0000000,0x00000007a0000000,0x00000007aa080000)
  from space 45568K, 87% used [0x00000007aa080000,0x00000007ac75f218,0x00000007acd00000)
  to   space 51200K, 0% used [0x00000007afa00000,0x00000007afa00000,0x00000007b2c00000)
 ParOldGen       total 172544K, used 83388K [0x0000000760000000, 0x000000076a880000, 0x00000007a0000000)
  object space 172544K, 48% used [0x0000000760000000,0x000000076516f0d8,0x000000076a880000)
 Metaspace       used 66697K, capacity 68644K, committed 68736K, reserved 1110016K
  class space    used 8634K, capacity 9053K, committed 9088K, reserved 1048576K
}
Event: 172.402 GC heap before
{Heap before GC invocations=17 (full 3):
 PSYoungGen      total 209920K, used 204156K [0x00000007a0000000, 0x00000007b2c00000, 0x00000007c0000000)
  eden space 164352K, 100% used [0x00000007a0000000,0x00000007aa080000,0x00000007aa080000)
  from space 45568K, 87% used [0x00000007aa080000,0x00000007ac75f218,0x00000007acd00000)
  to   space 51200K, 0% used [0x00000007afa00000,0x00000007afa00000,0x00000007b2c00000)
 ParOldGen       total 172544K, used 83388K [0x0000000760000000, 0x000000076a880000, 0x00000007a0000000)
  object space 172544K, 48% used [0x0000000760000000,0x000000076516f0d8,0x000000076a880000)
 Metaspace       used 70072K, capacity 72182K, committed 72576K, reserved 1112064K
  class space    used 9052K, capacity 9506K, committed 9600K, reserved 1048576K
Event: 172.570 GC heap after
Heap after GC invocations=17 (full 3):
 PSYoungGen      total 227328K, used 51189K [0x00000007a0000000, 0x00000007b7680000, 0x00000007c0000000)
  eden space 176128K, 0% used [0x00000007a0000000,0x00000007a0000000,0x00000007aac00000)
  from space 51200K, 99% used [0x00000007afa00000,0x00000007b2bfd768,0x00000007b2c00000)
  to   space 79872K, 0% used [0x00000007aac00000,0x00000007aac00000,0x00000007afa00000)
 ParOldGen       total 172544K, used 138083K [0x0000000760000000, 0x000000076a880000, 0x00000007a0000000)
  object space 172544K, 80% used [0x0000000760000000,0x00000007686d8c00,0x000000076a880000)
 Metaspace       used 70072K, capacity 72182K, committed 72576K, reserved 1112064K
  class space    used 9052K, capacity 9506K, committed 9600K, reserved 1048576K
}
Event: 172.570 GC heap before
{Heap before GC invocations=18 (full 4):
 PSYoungGen      total 227328K, used 51189K [0x00000007a0000000, 0x00000007b7680000, 0x00000007c0000000)
  eden space 176128K, 0% used [0x00000007a0000000,0x00000007a0000000,0x00000007aac00000)
  from space 51200K, 99% used [0x00000007afa00000,0x00000007b2bfd768,0x00000007b2c00000)
  to   space 79872K, 0% used [0x00000007aac00000,0x00000007aac00000,0x00000007afa00000)
 ParOldGen       total 172544K, used 138083K [0x0000000760000000, 0x000000076a880000, 0x00000007a0000000)
  object space 172544K, 80% used [0x0000000760000000,0x00000007686d8c00,0x000000076a880000)
 Metaspace       used 70072K, capacity 72182K, committed 72576K, reserved 1112064K
  class space    used 9052K, capacity 9506K, committed 9600K, reserved 1048576K

